<?xml version="1.0" encoding="UTF-8"?>
<!-- Generated by org.testng.reporters.JUnitXMLReporter -->
<testsuite ignored="0" hostname="LTIN452093" failures="1" tests="5" name="Test" time="114.2" errors="0" timestamp="2025-06-09T15:12:42 IST">
  <testcase classname="Tests.Form_Filling_Test" name="testEnterTextInDemoForm" time="3.92"/>
  <testcase classname="Tests.NavigationTest" name="testNavigateToProductsPage" time="5.909"/>
  <testcase classname="Tests.NavigationTest" name="testNavigateToSolutionsPage" time="5.553"/>
  <testcase classname="Tests.DynamicContentTest" name="testChatWidgetPresence" time="1.047">
    <failure type="java.lang.AssertionError" message="Chat widget should be present in source expected [true] but found [false]">
      <![CDATA[java.lang.AssertionError: Chat widget should be present in source expected [true] but found [false]
at Tests.DynamicContentTest.testChatWidgetPresence(DynamicContentTest.java:34)
at java.base/java.util.ArrayList.forEach(ArrayList.java:1596)
... Removed 28 stack frames]]>
    </failure>
  </testcase> <!-- testChatWidgetPresence -->
  <testcase classname="Tests.DynamicContentTest" name="testHeaderChangesOnHover" time="1.468"/>
</testsuite> <!-- Test -->
