<?xml version="1.0" encoding="UTF-8"?>
<testng-results ignored="0" total="1" passed="1" failed="0" skipped="0">
  <reporter-output>
  </reporter-output>
  <suite started-at="2025-06-25T18:21:37 IST" name="Default suite" finished-at="2025-06-25T18:21:52 IST" duration-ms="15735">
    <groups>
    </groups>
    <test started-at="2025-06-25T18:21:37 IST" name="Default test" finished-at="2025-06-25T18:21:52 IST" duration-ms="15735">
      <class name="testing.loginTest">
        <test-method is-config="true" signature="setup()[pri:0, instance:testing.loginTest@3fc2959f]" started-at="2025-06-25T18:21:37 IST" name="setup" finished-at="2025-06-25T18:21:49 IST" duration-ms="12069" status="PASS">
          <reporter-output>
          </reporter-output>
        </test-method> <!-- setup -->
        <test-method signature="first()[pri:0, instance:testing.loginTest@3fc2959f]" started-at="2025-06-25T18:21:49 IST" name="first" finished-at="2025-06-25T18:21:52 IST" duration-ms="3605" status="PASS">
          <reporter-output>
          </reporter-output>
        </test-method> <!-- first -->
      </class> <!-- testing.loginTest -->
    </test> <!-- Default test -->
  </suite> <!-- Default suite -->
</testng-results>
