<?xml version="1.0" encoding="UTF-8"?>
<testng-results ignored="0" total="1" passed="1" failed="0" skipped="0">
  <reporter-output>
  </reporter-output>
  <suite started-at="2026-03-24T19:15:33 IST" name="Default suite" finished-at="2026-03-24T19:15:44 IST" duration-ms="10602">
    <groups>
    </groups>
    <test started-at="2026-03-24T19:15:33 IST" name="Default test" finished-at="2026-03-24T19:15:44 IST" duration-ms="10602">
      <class name="testing.loginTest">
        <test-method is-config="true" signature="setup()[pri:0, instance:testing.loginTest@1aa7ecca]" started-at="2026-03-24T19:15:33 IST" name="setup" finished-at="2026-03-24T19:15:43 IST" duration-ms="9821" status="PASS">
          <reporter-output>
          </reporter-output>
        </test-method> <!-- setup -->
        <test-method signature="first()[pri:0, instance:testing.loginTest@1aa7ecca]" started-at="2026-03-24T19:15:43 IST" name="first" finished-at="2026-03-24T19:15:44 IST" duration-ms="722" status="PASS">
          <reporter-output>
          </reporter-output>
        </test-method> <!-- first -->
      </class> <!-- testing.loginTest -->
    </test> <!-- Default test -->
  </suite> <!-- Default suite -->
</testng-results>
